Using pre-set license
Built from '2020.3/release' branch; Version is '2020.3.12f1 (b3b2c6512326) revision 11776710'; Using compiler version '192528614'; Build Type 'Release'
OS: 'Windows 10 Home; OS build 19042.1165; Version 2009; 64bit' Language: 'ko' Physical Memory: 65456 MB
BatchMode: 1, IsHumanControllingUs: 0, StartBugReporterOnCrash: 0, Is64bit: 1, IsPro: 0

 COMMAND LINE ARGUMENTS:
D:\Unity\2020.3.12f1\Editor\Unity.exe
-adb2
-batchMode
-noUpm
-name
AssetImportWorker0
-projectPath
C:/Users/pkh26/OneDrive/문서/GitHub/Project_Space_Coma_AR/Project_Space_Coma_AR
-logFile
Logs/AssetImportWorker0.log
-srvPort
50178
Successfully changed project path to: C:/Users/pkh26/OneDrive/문서/GitHub/Project_Space_Coma_AR/Project_Space_Coma_AR
C:/Users/pkh26/OneDrive/문서/GitHub/Project_Space_Coma_AR/Project_Space_Coma_AR
Using Asset Import Pipeline V2.
Refreshing native plugins compatible for Editor in 75.38 ms, found 2 plugins.
Preloading 0 native plugins for Editor in 0.00 ms.
Initialize engine version: 2020.3.12f1 (b3b2c6512326)
[Subsystems] Discovering subsystems at path D:/Unity/2020.3.12f1/Editor/Data/Resources/UnitySubsystems
[Subsystems] Discovering subsystems at path C:/Users/pkh26/OneDrive/문서/GitHub/Project_Space_Coma_AR/Project_Space_Coma_AR/Assets
GfxDevice: creating device client; threaded=0
Direct3D:
    Version:  Direct3D 11.0 [level 11.1]
    Renderer: NVIDIA GeForce GTX 1070 (ID=0x1b81)
    Vendor:   
    VRAM:     8088 MB
    Driver:   27.21.14.6611
Initialize mono
Mono path[0] = 'D:/Unity/2020.3.12f1/Editor/Data/Managed'
Mono path[1] = 'D:/Unity/2020.3.12f1/Editor/Data/MonoBleedingEdge/lib/mono/unityjit'
Mono config path = 'D:/Unity/2020.3.12f1/Editor/Data/MonoBleedingEdge/etc'
Using monoOptions --debugger-agent=transport=dt_socket,embedding=1,server=y,suspend=n,address=127.0.0.1:56932
Begin MonoManager ReloadAssembly
Registering precompiled unity dll's ...
Register platform support module: D:/Unity/2020.3.12f1/Editor/Data/PlaybackEngines/WindowsStandaloneSupport/UnityEditor.WindowsStandalone.Extensions.dll
Registered in 0.002241 seconds.
Native extension for WindowsStandalone target not found
Refreshing native plugins compatible for Editor in 49.09 ms, found 2 plugins.
Preloading 0 native plugins for Editor in 0.00 ms.
Mono: successfully reloaded assembly
- Completed reload, in  4.884 seconds
Platform modules already initialized, skipping
Registering precompiled user dll's ...
Registered in 0.017175 seconds.
Begin MonoManager ReloadAssembly
Native extension for WindowsStandalone target not found
Refreshing native plugins compatible for Editor in 0.67 ms, found 2 plugins.
Preloading 0 native plugins for Editor in 0.00 ms.
Mono: successfully reloaded assembly
- Completed reload, in  2.158 seconds
Platform modules already initialized, skipping
========================================================================
Worker process is ready to serve import requests
Launched and connected shader compiler UnityShaderCompiler.exe after 0.13 seconds
Refreshing native plugins compatible for Editor in 0.85 ms, found 2 plugins.
Preloading 0 native plugins for Editor in 0.00 ms.
Unloading 1784 Unused Serialized files (Serialized files now loaded: 0)
System memory in use before: 80.8 MB.
System memory in use after: 80.9 MB.

Unloading 20 unused Assets to reduce memory usage. Loaded Objects now: 2219.
Total: 5.199300 ms (FindLiveObjects: 0.303700 ms CreateObjectMapping: 0.144500 ms MarkObjects: 4.600500 ms  DeleteObjects: 0.149000 ms)

AssetImportParameters requested are different than current active one (requested -> active):
  custom:framework-win-MediaFoundation: 216162199b28c13a410421893ffa2e32 -> 
  custom:video-decoder-ogg-theora: a1e56fd34408186e4bbccfd4996cb3dc -> 
  custom:container-muxer-webm: aa71ff27fc2769a1b78a27578f13a17b -> 
  custom:container-demuxer-webm: 4f35f7cbe854078d1ac9338744f61a02 -> 
  custom:container-demuxer-ogg: 62fdf1f143b41e24485cea50d1cbac27 -> 
  custom:video-encoder-webm-vp8: eb34c28f22e8b96e1ab97ce403110664 -> 
  custom:video-decoder-webm-vp8: 9c59270c3fd7afecdb556c50c9e8de78 -> 
  custom:audio-decoder-ogg-vorbis: bf7c407c2cedff20999df2af8eb42d56 -> 
  custom:audio-encoder-webm-vorbis: bf7c407c2cedff20999df2af8eb42d56 -> 
========================================================================
Received Import Request.
  path: Assets/00.MyAsset/02.Image
  artifactKey: Guid(b06a46cf6b7d8c2489802086ecb75c9f) Importer(815301076,1909f56bfc062723c751e8b465ee728b)
Start importing Assets/00.MyAsset/02.Image using Guid(b06a46cf6b7d8c2489802086ecb75c9f) Importer(815301076,1909f56bfc062723c751e8b465ee728b)  -> (artifact id: '7a7f353296339ecbceb8671ecd50ed0e') in 0.016488 seconds 
  Import took 0.023258 seconds .

========================================================================
Received Import Request.
  Time since last request: 0.001089 seconds.
  path: Assets/00.MyAsset/02.Image
  artifactKey: Guid(b06a46cf6b7d8c2489802086ecb75c9f) Importer(815301076,1909f56bfc062723c751e8b465ee728b)
Start importing Assets/00.MyAsset/02.Image using Guid(b06a46cf6b7d8c2489802086ecb75c9f) Importer(815301076,1909f56bfc062723c751e8b465ee728b)  -> (artifact id: '7a7f353296339ecbceb8671ecd50ed0e') in 0.005882 seconds 
  Import took 0.009760 seconds .

========================================================================
Received Import Request.
  Time since last request: 5.954576 seconds.
  path: Assets/00.MyAsset/02.Image/joystick-lever.png
  artifactKey: Guid(b0df38e8e6bb65148b0dbe39beda4f6f) Importer(815301076,1909f56bfc062723c751e8b465ee728b)
Start importing Assets/00.MyAsset/02.Image/joystick-lever.png using Guid(b0df38e8e6bb65148b0dbe39beda4f6f) Importer(815301076,1909f56bfc062723c751e8b465ee728b)  -> (artifact id: '49fb9a16522676408d83336061ab9211') in 0.282523 seconds 
  Import took 0.289088 seconds .

========================================================================
Received Import Request.
  Time since last request: 0.000692 seconds.
  path: Assets/00.MyAsset/02.Image/joystick.png
  artifactKey: Guid(20b2ec343d2902a48ad728b4a7651dd8) Importer(815301076,1909f56bfc062723c751e8b465ee728b)
Start importing Assets/00.MyAsset/02.Image/joystick.png using Guid(20b2ec343d2902a48ad728b4a7651dd8) Importer(815301076,1909f56bfc062723c751e8b465ee728b)  -> (artifact id: 'e303c5fcabf2a7f2ecfab0d503b7ab7e') in 0.041422 seconds 
  Import took 0.046783 seconds .

========================================================================
Received Import Request.
  Time since last request: 0.005852 seconds.
  path: Assets/00.MyAsset/02.Image/joystick.png
  artifactKey: Guid(20b2ec343d2902a48ad728b4a7651dd8) Importer(815301076,1909f56bfc062723c751e8b465ee728b)
Start importing Assets/00.MyAsset/02.Image/joystick.png using Guid(20b2ec343d2902a48ad728b4a7651dd8) Importer(815301076,1909f56bfc062723c751e8b465ee728b)  -> (artifact id: 'e303c5fcabf2a7f2ecfab0d503b7ab7e') in 0.023791 seconds 
  Import took 0.029507 seconds .

========================================================================
Received Import Request.
  Time since last request: 7.311572 seconds.
  path: Assets/00.MyAsset/02.Image/Texture
  artifactKey: Guid(53b594549f6d34842813cd846e2840ae) Importer(815301076,1909f56bfc062723c751e8b465ee728b)
Start importing Assets/00.MyAsset/02.Image/Texture using Guid(53b594549f6d34842813cd846e2840ae) Importer(815301076,1909f56bfc062723c751e8b465ee728b)  -> (artifact id: 'd075874da09e43a124efe0632a43333c') in 0.011538 seconds 
  Import took 0.018520 seconds .

========================================================================
Received Import Request.
  Time since last request: 0.781398 seconds.
  path: Assets/00.MyAsset/02.Image/Sprite
  artifactKey: Guid(90afd42f907853e4a92dcbe3040a5320) Importer(815301076,1909f56bfc062723c751e8b465ee728b)
Start importing Assets/00.MyAsset/02.Image/Sprite using Guid(90afd42f907853e4a92dcbe3040a5320) Importer(815301076,1909f56bfc062723c751e8b465ee728b)  -> (artifact id: 'c64767a63226646c85715abb08525b16') in 0.006976 seconds 
  Import took 0.011683 seconds .

========================================================================
Received Import Request.
  Time since last request: 0.000988 seconds.
  path: Assets/00.MyAsset/02.Image/Sprite
  artifactKey: Guid(90afd42f907853e4a92dcbe3040a5320) Importer(815301076,1909f56bfc062723c751e8b465ee728b)
Start importing Assets/00.MyAsset/02.Image/Sprite using Guid(90afd42f907853e4a92dcbe3040a5320) Importer(815301076,1909f56bfc062723c751e8b465ee728b)  -> (artifact id: 'c64767a63226646c85715abb08525b16') in 0.006174 seconds 
  Import took 0.010127 seconds .

========================================================================
Received Import Request.
  Time since last request: 110.076037 seconds.
  path: Assets/00.MyAsset/02.Image/joystick.png
  artifactKey: Guid(20b2ec343d2902a48ad728b4a7651dd8) Importer(815301076,1909f56bfc062723c751e8b465ee728b)
Start importing Assets/00.MyAsset/02.Image/joystick.png using Guid(20b2ec343d2902a48ad728b4a7651dd8) Importer(815301076,1909f56bfc062723c751e8b465ee728b)  -> (artifact id: 'c765931700cdaa25066e9616136158a7') in 0.091894 seconds 
  Import took 0.098983 seconds .

========================================================================
Received Import Request.
  Time since last request: 4.317222 seconds.
  path: Assets/00.MyAsset/02.Image/joystick-lever.png
  artifactKey: Guid(b0df38e8e6bb65148b0dbe39beda4f6f) Importer(815301076,1909f56bfc062723c751e8b465ee728b)
Start importing Assets/00.MyAsset/02.Image/joystick-lever.png using Guid(b0df38e8e6bb65148b0dbe39beda4f6f) Importer(815301076,1909f56bfc062723c751e8b465ee728b)  -> (artifact id: 'd9d90c038dcc34b2a43cc8376510ff69') in 0.027612 seconds 
  Import took 0.034195 seconds .

========================================================================
Received Import Request.
  Time since last request: 145.466664 seconds.
  path: Assets/00.MyAsset/01.Script
  artifactKey: Guid(a74011b49f275c54c8358f1e5ad564c0) Importer(815301076,1909f56bfc062723c751e8b465ee728b)
Start importing Assets/00.MyAsset/01.Script using Guid(a74011b49f275c54c8358f1e5ad564c0) Importer(815301076,1909f56bfc062723c751e8b465ee728b)  -> (artifact id: 'e4c14c4e35f7cd4623fc6e12c45e067b') in 0.010050 seconds 
  Import took 0.017980 seconds .

========================================================================
Received Import Request.
  Time since last request: 1.958354 seconds.
  path: Assets/00.MyAsset/01.Script/Controller
  artifactKey: Guid(949a32366bca38148a80b80c0a3c81f6) Importer(815301076,1909f56bfc062723c751e8b465ee728b)
Start importing Assets/00.MyAsset/01.Script/Controller using Guid(949a32366bca38148a80b80c0a3c81f6) Importer(815301076,1909f56bfc062723c751e8b465ee728b)  -> (artifact id: '1a241995efcb7f9ddabd89521acee85f') in 0.009245 seconds 
  Import took 0.015624 seconds .

========================================================================
Received Import Request.
  Time since last request: 0.000884 seconds.
  path: Assets/00.MyAsset/01.Script/Controller
  artifactKey: Guid(949a32366bca38148a80b80c0a3c81f6) Importer(815301076,1909f56bfc062723c751e8b465ee728b)
Start importing Assets/00.MyAsset/01.Script/Controller using Guid(949a32366bca38148a80b80c0a3c81f6) Importer(815301076,1909f56bfc062723c751e8b465ee728b)  -> (artifact id: '1a241995efcb7f9ddabd89521acee85f') in 0.009430 seconds 
  Import took 0.015641 seconds .

========================================================================
Received Import Request.
  Time since last request: 1.698115 seconds.
  path: Assets/00.MyAsset/01.Script/Controller/Joystick
  artifactKey: Guid(e9409d93083ea4c4d9ffd9c1fbce3759) Importer(815301076,1909f56bfc062723c751e8b465ee728b)
Start importing Assets/00.MyAsset/01.Script/Controller/Joystick using Guid(e9409d93083ea4c4d9ffd9c1fbce3759) Importer(815301076,1909f56bfc062723c751e8b465ee728b)  -> (artifact id: 'b5e55119c7909cfca3282af723809fd7') in 0.006372 seconds 
  Import took 0.011057 seconds .

========================================================================
Received Import Request.
  Time since last request: 0.001069 seconds.
  path: Assets/00.MyAsset/01.Script/Controller/Joystick
  artifactKey: Guid(e9409d93083ea4c4d9ffd9c1fbce3759) Importer(815301076,1909f56bfc062723c751e8b465ee728b)
Start importing Assets/00.MyAsset/01.Script/Controller/Joystick using Guid(e9409d93083ea4c4d9ffd9c1fbce3759) Importer(815301076,1909f56bfc062723c751e8b465ee728b)  -> (artifact id: 'b5e55119c7909cfca3282af723809fd7') in 0.005882 seconds 
  Import took 0.009749 seconds .

========================================================================
Received Import Request.
  Time since last request: 0.685965 seconds.
  path: Assets/00.MyAsset/01.Script/Controller/Joystick/JoystickController.cs
  artifactKey: Guid(72fb16cad8f721e4f8315318d0540201) Importer(815301076,1909f56bfc062723c751e8b465ee728b)
Start importing Assets/00.MyAsset/01.Script/Controller/Joystick/JoystickController.cs using Guid(72fb16cad8f721e4f8315318d0540201) Importer(815301076,1909f56bfc062723c751e8b465ee728b)  -> (artifact id: '15342eb08ee5cc246e81986a247dd72c') in 0.027684 seconds 
  Import took 0.033737 seconds .

========================================================================
Received Import Request.
  Time since last request: 0.003789 seconds.
  path: Assets/00.MyAsset/01.Script/Controller/Joystick/JoystickController.cs
  artifactKey: Guid(72fb16cad8f721e4f8315318d0540201) Importer(815301076,1909f56bfc062723c751e8b465ee728b)
Start importing Assets/00.MyAsset/01.Script/Controller/Joystick/JoystickController.cs using Guid(72fb16cad8f721e4f8315318d0540201) Importer(815301076,1909f56bfc062723c751e8b465ee728b)  -> (artifact id: '15342eb08ee5cc246e81986a247dd72c') in 0.005956 seconds 
  Import took 0.009850 seconds .

========================================================================
Received Prepare
Registering precompiled user dll's ...
Registered in 0.023205 seconds.
Begin MonoManager ReloadAssembly
Native extension for WindowsStandalone target not found
Refreshing native plugins compatible for Editor in 0.69 ms, found 2 plugins.
Preloading 0 native plugins for Editor in 0.00 ms.
Mono: successfully reloaded assembly
- Completed reload, in  2.121 seconds
Platform modules already initialized, skipping
Refreshing native plugins compatible for Editor in 0.65 ms, found 2 plugins.
Preloading 0 native plugins for Editor in 0.00 ms.
Unloading 1774 Unused Serialized files (Serialized files now loaded: 0)
System memory in use before: 83.5 MB.
System memory in use after: 83.6 MB.

Unloading 15 unused Assets to reduce memory usage. Loaded Objects now: 2229.
Total: 2.702400 ms (FindLiveObjects: 0.219900 ms CreateObjectMapping: 0.094800 ms MarkObjects: 2.330800 ms  DeleteObjects: 0.055800 ms)

AssetImportParameters requested are different than current active one (requested -> active):
  custom:framework-win-MediaFoundation: 216162199b28c13a410421893ffa2e32 -> 
  custom:video-decoder-ogg-theora: a1e56fd34408186e4bbccfd4996cb3dc -> 
  custom:container-muxer-webm: aa71ff27fc2769a1b78a27578f13a17b -> 
  custom:container-demuxer-webm: 4f35f7cbe854078d1ac9338744f61a02 -> 
  custom:container-demuxer-ogg: 62fdf1f143b41e24485cea50d1cbac27 -> 
  custom:video-encoder-webm-vp8: eb34c28f22e8b96e1ab97ce403110664 -> 
  custom:video-decoder-webm-vp8: 9c59270c3fd7afecdb556c50c9e8de78 -> 
  custom:audio-decoder-ogg-vorbis: bf7c407c2cedff20999df2af8eb42d56 -> 
  custom:audio-encoder-webm-vorbis: bf7c407c2cedff20999df2af8eb42d56 -> 
========================================================================
Received Prepare
Registering precompiled user dll's ...
Registered in 0.019548 seconds.
Begin MonoManager ReloadAssembly
Native extension for WindowsStandalone target not found
Refreshing native plugins compatible for Editor in 0.60 ms, found 2 plugins.
Preloading 0 native plugins for Editor in 0.00 ms.
Mono: successfully reloaded assembly
- Completed reload, in  1.937 seconds
Platform modules already initialized, skipping
Refreshing native plugins compatible for Editor in 0.54 ms, found 2 plugins.
Preloading 0 native plugins for Editor in 0.00 ms.
Unloading 1774 Unused Serialized files (Serialized files now loaded: 0)
System memory in use before: 83.5 MB.
System memory in use after: 83.6 MB.

Unloading 15 unused Assets to reduce memory usage. Loaded Objects now: 2233.
Total: 4.811300 ms (FindLiveObjects: 0.376300 ms CreateObjectMapping: 0.141700 ms MarkObjects: 4.212300 ms  DeleteObjects: 0.079100 ms)

AssetImportParameters requested are different than current active one (requested -> active):
  custom:framework-win-MediaFoundation: 216162199b28c13a410421893ffa2e32 -> 
  custom:video-decoder-ogg-theora: a1e56fd34408186e4bbccfd4996cb3dc -> 
  custom:container-muxer-webm: aa71ff27fc2769a1b78a27578f13a17b -> 
  custom:container-demuxer-webm: 4f35f7cbe854078d1ac9338744f61a02 -> 
  custom:container-demuxer-ogg: 62fdf1f143b41e24485cea50d1cbac27 -> 
  custom:video-encoder-webm-vp8: eb34c28f22e8b96e1ab97ce403110664 -> 
  custom:video-decoder-webm-vp8: 9c59270c3fd7afecdb556c50c9e8de78 -> 
  custom:audio-decoder-ogg-vorbis: bf7c407c2cedff20999df2af8eb42d56 -> 
  custom:audio-encoder-webm-vorbis: bf7c407c2cedff20999df2af8eb42d56 -> 
========================================================================
Received Prepare
Registering precompiled user dll's ...
Registered in 0.017154 seconds.
Begin MonoManager ReloadAssembly
Native extension for WindowsStandalone target not found
Refreshing native plugins compatible for Editor in 0.70 ms, found 2 plugins.
Preloading 0 native plugins for Editor in 0.00 ms.
Mono: successfully reloaded assembly
- Completed reload, in  2.047 seconds
Platform modules already initialized, skipping
Refreshing native plugins compatible for Editor in 0.63 ms, found 2 plugins.
Preloading 0 native plugins for Editor in 0.00 ms.
Unloading 1774 Unused Serialized files (Serialized files now loaded: 0)
System memory in use before: 83.6 MB.
System memory in use after: 83.7 MB.

Unloading 15 unused Assets to reduce memory usage. Loaded Objects now: 2237.
Total: 3.195000 ms (FindLiveObjects: 0.252400 ms CreateObjectMapping: 0.131800 ms MarkObjects: 2.746400 ms  DeleteObjects: 0.063100 ms)

AssetImportParameters requested are different than current active one (requested -> active):
  custom:framework-win-MediaFoundation: 216162199b28c13a410421893ffa2e32 -> 
  custom:video-decoder-ogg-theora: a1e56fd34408186e4bbccfd4996cb3dc -> 
  custom:container-muxer-webm: aa71ff27fc2769a1b78a27578f13a17b -> 
  custom:container-demuxer-webm: 4f35f7cbe854078d1ac9338744f61a02 -> 
  custom:container-demuxer-ogg: 62fdf1f143b41e24485cea50d1cbac27 -> 
  custom:video-encoder-webm-vp8: eb34c28f22e8b96e1ab97ce403110664 -> 
  custom:video-decoder-webm-vp8: 9c59270c3fd7afecdb556c50c9e8de78 -> 
  custom:audio-decoder-ogg-vorbis: bf7c407c2cedff20999df2af8eb42d56 -> 
  custom:audio-encoder-webm-vorbis: bf7c407c2cedff20999df2af8eb42d56 -> 
